<?xml version="1.0" encoding="UTF-8"?>
<!-- Generated by org.testng.reporters.JUnitReportReporter -->
<testsuite hostname="vishnu" failures="0" tests="1" name="com.mystore.testcases.IndexPagetest" time="68.127" errors="0" timestamp="2025-03-22T17:25:17 IST" skipped="0">
  <testcase classname="com.mystore.testcases.IndexPagetest" name="verifyLogo" time="68.127"/>
  <system-out/>
</testsuite> <!-- com.mystore.testcases.IndexPagetest -->
