<?xml version="1.0" encoding="UTF-8"?>
<!-- Generated by org.testng.reporters.JUnitReportReporter -->
<testsuite hostname="vishnu" failures="0" tests="1" name="com.mystore.testcases.SearchResultPagetest" time="8.136" errors="0" timestamp="2025-03-22T18:44:49 IST" skipped="0">
  <testcase classname="com.mystore.testcases.SearchResultPagetest" name="productAvailabilityTest" time="8.136"/>
  <system-out/>
</testsuite> <!-- com.mystore.testcases.SearchResultPagetest -->
