<?xml version="1.0" encoding="UTF-8"?>
<!-- Generated by org.testng.reporters.JUnitReportReporter -->
<testsuite hostname="vishnu" failures="0" tests="1" name="com.mystore.testcases.HomePageTest" time="8.311" errors="0" timestamp="2025-03-22T17:59:04 IST" skipped="0">
  <testcase classname="com.mystore.testcases.HomePageTest" name="wishlistTest" time="8.311"/>
  <system-out/>
</testsuite> <!-- com.mystore.testcases.HomePageTest -->
