<?xml version="1.0" encoding="UTF-8"?>
<!-- Generated by org.testng.reporters.JUnitReportReporter -->
<testsuite hostname="vishnu" failures="0" tests="1" name="com.mystore.base.BaseClass" time="5.978" errors="0" timestamp="2025-03-21T19:44:31 IST" skipped="0">
  <testcase classname="com.mystore.base.BaseClass" name="launchApp" time="5.978"/>
  <system-out/>
</testsuite> <!-- com.mystore.base.BaseClass -->
