<?xml version="1.0" encoding="UTF-8"?>
<!-- Generated by org.testng.reporters.JUnitReportReporter -->
<testsuite hostname="vishnu" failures="0" tests="1" name="com.mystore.testcases.OrderPageTest" time="15.451" errors="0" timestamp="2025-03-23T01:18:35 IST" skipped="0">
  <testcase classname="com.mystore.testcases.OrderPageTest" name="verifyTotalPrice" time="15.451"/>
  <system-out/>
</testsuite> <!-- com.mystore.testcases.OrderPageTest -->
