<?xml version="1.0" encoding="UTF-8"?>
<!-- Generated by org.testng.reporters.JUnitReportReporter -->
<testsuite hostname="vishnu" failures="0" tests="1" name="com.mystore.testcases.AddToCartPageTest" time="11.256" errors="0" timestamp="2025-03-22T19:51:49 IST" skipped="0">
  <testcase classname="com.mystore.testcases.AddToCartPageTest" name="addToCartTest" time="11.256"/>
  <system-out/>
</testsuite> <!-- com.mystore.testcases.AddToCartPageTest -->
