<?xml version="1.0" encoding="UTF-8"?>
<!-- Generated by org.testng.reporters.JUnitReportReporter -->
<testsuite hostname="vishnu" failures="0" tests="1" name="com.mystore.testcases.LoginPageTest" time="8.452" errors="0" timestamp="2025-03-22T17:47:20 IST" skipped="0">
  <testcase classname="com.mystore.testcases.LoginPageTest" name="loginTest" time="8.452"/>
  <system-out/>
</testsuite> <!-- com.mystore.testcases.LoginPageTest -->
